{
  "RSpec": {
    "coverage": {
      "/Users/jbwilmoth/free_candy/app/models/user.rb": [
        1,
        null,
        null,
        1,
        1,
        null,
        null,
        1,
        1,
        1,
        null
      ],
      "/Users/jbwilmoth/free_candy/app/helpers/application_helper.rb": [
        1,
        null,
        null,
        null,
        null,
        null,
        null
      ],
      "/Users/jbwilmoth/free_candy/app/helpers/search_helper.rb": [
        1,
        null,
        1,
        0,
        0,
        null,
        null,
        1,
        null,
        0,
        0,
        null,
        0,
        0,
        0,
        0,
        null,
        null,
        0,
        null,
        null,
        1,
        null,
        0,
        0,
        null,
        0,
        0,
        0,
        0,
        null,
        null,
        0,
        null,
        null,
        1,
        null,
        0,
        0,
        null,
        0,
        0,
        0,
        0,
        0,
        null,
        null,
        null,
        null,
        0,
        null,
        null,
        1,
        0,
        0,
        0,
        null,
        0,
        null,
        null,
        null
      ],
      "/Users/jbwilmoth/free_candy/app/controllers/home_controller.rb": [
        1,
        1,
        1,
        null,
        1,
        3,
        null,
        null,
        1,
        0,
        0,
        null,
        null,
        1,
        0,
        0,
        0,
        null,
        null,
        0,
        0,
        0,
        null,
        0,
        0,
        0,
        null,
        0,
        0,
        null,
        0,
        0,
        null,
        0,
        0,
        null,
        null,
        0,
        0,
        null,
        null,
        null,
        1,
        0,
        0,
        0,
        0,
        0,
        0,
        null,
        null,
        null,
        null,
        0,
        null,
        null,
        null,
        1,
        0,
        0,
        0,
        null,
        null,
        1,
        0,
        0,
        null,
        null,
        1,
        0,
        null,
        null,
        null,
        1,
        0,
        null,
        null,
        1,
        null,
        0,
        0,
        0,
        null,
        null
      ],
      "/Users/jbwilmoth/free_candy/app/controllers/application_controller.rb": [
        1,
        1,
        null,
        null,
        1,
        1,
        null,
        1,
        8,
        2,
        null,
        null,
        null
      ],
      "/Users/jbwilmoth/free_candy/app/models/clip.rb": [
        1,
        1,
        null,
        1,
        null
      ],
      "/Users/jbwilmoth/free_candy/app/models/pic.rb": [
        1,
        1,
        null,
        1,
        null
      ],
      "/Users/jbwilmoth/free_candy/app/models/slide_show.rb": [
        1,
        1,
        1,
        null,
        1,
        null
      ],
      "/Users/jbwilmoth/free_candy/app/models/video.rb": [
        1,
        1,
        1,
        null,
        1,
        null
      ],
      "/Users/jbwilmoth/free_candy/app/models/flagged_content.rb": [
        1,
        1,
        null
      ],
      "/Users/jbwilmoth/free_candy/app/controllers/users_controller.rb": [
        1,
        1,
        1,
        null,
        1,
        1,
        null,
        null,
        1,
        0,
        null,
        null,
        1,
        0,
        null,
        null,
        null,
        1,
        0,
        0,
        0,
        null,
        null,
        null
      ]
    },
    "timestamp": 1395639426
  }
}
